<?xml version="1.0" encoding="utf-8"?><testsuites><testsuite name="pytest" errors="0" failures="0" skipped="0" tests="0" time="0.315" timestamp="2022-12-22T08:06:09.903613" hostname="f1caf89cab69" /></testsuites>