<?xml version="1.0" encoding="utf-8"?><testsuites><testsuite name="pytest" errors="0" failures="0" skipped="0" tests="1" time="0.553" timestamp="2022-12-21T21:26:47.995013" hostname="cb01615e7727"><testcase classname="sanity.test_check_links" name="test_check_and_validate_switch_links" time="0.206" /></testsuite></testsuites>